# JRE version: OpenJDK Runtime Environment (17.0.7) (build 17.0.7+0-b2043.56-10550314)
# Java VM: OpenJDK 64-Bit Server VM (17.0.7+0-b2043.56-10550314, mixed mode, tiered, compressed oops, compressed class ptrs, g1 gc, windows-amd64)
GC Precious Log:
 CPUs: 8 total, 8 available
 Memory: 8006M
 Large Page Support: Disabled
 NUMA Support: Disabled
 Compressed Oops: Enabled (32-bit)
 Heap Region Size: 1M
 Heap Min Capacity: 8M
 Heap Initial Capacity: 126M
 Heap Max Capacity: 2G
 Pre-touch: Disabled
 Parallel Workers: 8
 Concurrent Workers: 2
 Concurrent Refinement Workers: 8
 Periodic GC: Disabled
Heap:
 garbage-first heap   total 471040K, used 352041K [0x0000000080000000, 0x0000000100000000)
  region size 1024K, 158 young (161792K), 12 survivors (12288K)
 Metaspace       used 137941K, committed 139200K, reserved 1179648K
  class space    used 18303K, committed 18944K, reserved 1048576K
GC Heap History (20 events):
Event: 431.421 GC heap before
{Heap before GC invocations=49 (full 0):
 garbage-first heap   total 471040K, used 380266K [0x0000000080000000, 0x0000000100000000)
  region size 1024K, 168 young (172032K), 3 survivors (3072K)
 Metaspace       used 124593K, committed 125824K, reserved 1179648K
  class space    used 16843K, committed 17472K, reserved 1048576K
}
Event: 431.583 GC heap after
{Heap after GC invocations=50 (full 0):
 garbage-first heap   total 471040K, used 227649K [0x0000000080000000, 0x0000000100000000)
  region size 1024K, 18 young (18432K), 18 survivors (18432K)
 Metaspace       used 124593K, committed 125824K, reserved 1179648K
  class space    used 16843K, committed 17472K, reserved 1048576K
}
Event: 470.126 GC heap before
{Heap before GC invocations=51 (full 0):
 garbage-first heap   total 471040K, used 380225K [0x0000000080000000, 0x0000000100000000)
  region size 1024K, 168 young (172032K), 18 survivors (18432K)
 Metaspace       used 129826K, committed 131008K, reserved 1179648K
  class space    used 17486K, committed 18048K, reserved 1048576K
}
Event: 470.301 GC heap after
{Heap after GC invocations=52 (full 0):
 garbage-first heap   total 471040K, used 240402K [0x0000000080000000, 0x0000000100000000)
  region size 1024K, 14 young (14336K), 14 survivors (14336K)
 Metaspace       used 129826K, committed 131008K, reserved 1179648K
  class space    used 17486K, committed 18048K, reserved 1048576K
}
Event: 470.620 GC heap before
{Heap before GC invocations=52 (full 0):
 garbage-first heap   total 471040K, used 248594K [0x0000000080000000, 0x0000000100000000)
  region size 1024K, 23 young (23552K), 14 survivors (14336K)
 Metaspace       used 130017K, committed 131264K, reserved 1179648K
  class space    used 17506K, committed 18112K, reserved 1048576K
}
Event: 470.675 GC heap after
{Heap after GC invocations=53 (full 0):
 garbage-first heap   total 471040K, used 241995K [0x0000000080000000, 0x0000000100000000)
  region size 1024K, 3 young (3072K), 3 survivors (3072K)
 Metaspace       used 130017K, committed 131264K, reserved 1179648K
  class space    used 17506K, committed 18112K, reserved 1048576K
}
Event: 540.394 GC heap before
{Heap before GC invocations=53 (full 0):
 garbage-first heap   total 471040K, used 383306K [0x0000000080000000, 0x0000000100000000)
  region size 1024K, 142 young (145408K), 3 survivors (3072K)
 Metaspace       used 135142K, committed 136448K, reserved 1179648K
  class space    used 18201K, committed 18816K, reserved 1048576K
}
Event: 540.512 GC heap after
{Heap after GC invocations=54 (full 0):
 garbage-first heap   total 471040K, used 249388K [0x0000000080000000, 0x0000000100000000)
  region size 1024K, 11 young (11264K), 11 survivors (11264K)
 Metaspace       used 135142K, committed 136448K, reserved 1179648K
  class space    used 18201K, committed 18816K, reserved 1048576K
}
Event: 3542.773 GC heap before
{Heap before GC invocations=54 (full 0):
 garbage-first heap   total 471040K, used 386604K [0x0000000080000000, 0x0000000100000000)
  region size 1024K, 146 young (149504K), 11 survivors (11264K)
 Metaspace       used 137379K, committed 138688K, reserved 1179648K
  class space    used 18449K, committed 19072K, reserved 1048576K
}
Event: 3543.170 GC heap after
{Heap after GC invocations=55 (full 0):
 garbage-first heap   total 471040K, used 250341K [0x0000000080000000, 0x0000000100000000)
  region size 1024K, 11 young (11264K), 11 survivors (11264K)
 Metaspace       used 137379K, committed 138688K, reserved 1179648K
  class space    used 18449K, committed 19072K, reserved 1048576K
}
Event: 4032.615 GC heap before
{Heap before GC invocations=55 (full 0):
 garbage-first heap   total 471040K, used 259557K [0x0000000080000000, 0x0000000100000000)
  region size 1024K, 21 young (21504K), 11 survivors (11264K)
 Metaspace       used 137399K, committed 138688K, reserved 1179648K
  class space    used 18449K, committed 19072K, reserved 1048576K
}
Event: 4039.529 GC heap after
{Heap after GC invocations=56 (full 1):
 garbage-first heap   total 471040K, used 184282K [0x0000000080000000, 0x0000000100000000)
  region size 1024K, 0 young (0K), 0 survivors (0K)
 Metaspace       used 135359K, committed 138176K, reserved 1179648K
  class space    used 18031K, committed 18944K, reserved 1048576K
}
Event: 7640.000 GC heap before
{Heap before GC invocations=56 (full 1):
 garbage-first heap   total 471040K, used 252890K [0x0000000080000000, 0x0000000100000000)
  region size 1024K, 68 young (69632K), 0 survivors (0K)
 Metaspace       used 135384K, committed 138176K, reserved 1179648K
  class space    used 18036K, committed 18944K, reserved 1048576K
}
Event: 7640.645 GC heap after
{Heap after GC invocations=57 (full 2):
 garbage-first heap   total 471040K, used 184288K [0x0000000080000000, 0x0000000100000000)
  region size 1024K, 0 young (0K), 0 survivors (0K)
 Metaspace       used 135384K, committed 138176K, reserved 1179648K
  class space    used 18036K, committed 18944K, reserved 1048576K
}
Event: 10061.353 GC heap before
{Heap before GC invocations=57 (full 2):
 garbage-first heap   total 471040K, used 334816K [0x0000000080000000, 0x0000000100000000)
  region size 1024K, 147 young (150528K), 0 survivors (0K)
 Metaspace       used 136023K, committed 138240K, reserved 1179648K
  class space    used 18116K, committed 18944K, reserved 1048576K
}
Event: 10061.395 GC heap after
{Heap after GC invocations=58 (full 2):
 garbage-first heap   total 471040K, used 194994K [0x0000000080000000, 0x0000000100000000)
  region size 1024K, 11 young (11264K), 11 survivors (11264K)
 Metaspace       used 136023K, committed 138240K, reserved 1179648K
  class space    used 18116K, committed 18944K, reserved 1048576K
}
Event: 10103.936 GC heap before
{Heap before GC invocations=58 (full 2):
 garbage-first heap   total 471040K, used 376242K [0x0000000080000000, 0x0000000100000000)
  region size 1024K, 189 young (193536K), 11 survivors (11264K)
 Metaspace       used 136754K, committed 138304K, reserved 1179648K
  class space    used 18169K, committed 18944K, reserved 1048576K
}
Event: 10103.985 GC heap after
{Heap after GC invocations=59 (full 2):
 garbage-first heap   total 471040K, used 202720K [0x0000000080000000, 0x0000000100000000)
  region size 1024K, 18 young (18432K), 18 survivors (18432K)
 Metaspace       used 136754K, committed 138304K, reserved 1179648K
  class space    used 18169K, committed 18944K, reserved 1048576K
}
Event: 10167.740 GC heap before
{Heap before GC invocations=59 (full 2):
 garbage-first heap   total 471040K, used 352224K [0x0000000080000000, 0x0000000100000000)
  region size 1024K, 165 young (168960K), 18 survivors (18432K)
 Metaspace       used 137466K, committed 138688K, reserved 1179648K
  class space    used 18253K, committed 18944K, reserved 1048576K
}
Event: 10167.902 GC heap after
{Heap after GC invocations=60 (full 2):
 garbage-first heap   total 471040K, used 204585K [0x0000000080000000, 0x0000000100000000)
  region size 1024K, 12 young (12288K), 12 survivors (12288K)
 Metaspace       used 137466K, committed 138688K, reserved 1179648K
  class space    used 18253K, committed 18944K, reserved 1048576K
}

