# JRE version: OpenJDK Runtime Environment (17.0.7) (build 17.0.7+0-b2043.56-10550314)
# Java VM: OpenJDK 64-Bit Server VM (17.0.7+0-b2043.56-10550314, mixed mode, tiered, compressed oops, compressed class ptrs, g1 gc, windows-amd64)
GC Precious Log:
 CPUs: 8 total, 8 available
 Memory: 8006M
 Large Page Support: Disabled
 NUMA Support: Disabled
 Compressed Oops: Enabled (32-bit)
 Heap Region Size: 1M
 Heap Min Capacity: 8M
 Heap Initial Capacity: 126M
 Heap Max Capacity: 2G
 Pre-touch: Disabled
 Parallel Workers: 8
 Concurrent Workers: 2
 Concurrent Refinement Workers: 8
 Periodic GC: Disabled
Heap:
 garbage-first heap   total 317440K, used 187991K [0x0000000080000000, 0x0000000100000000)
  region size 1024K, 75 young (76800K), 3 survivors (3072K)
 Metaspace       used 103157K, committed 103936K, reserved 1179648K
  class space    used 14161K, committed 14528K, reserved 1048576K
GC Heap History (20 events):
Event: 21.268 GC heap before
{Heap before GC invocations=49 (full 0):
 garbage-first heap   total 158720K, used 83180K [0x0000000080000000, 0x0000000100000000)
  region size 1024K, 7 young (7168K), 6 survivors (6144K)
 Metaspace       used 79587K, committed 80128K, reserved 1179648K
  class space    used 10719K, committed 11008K, reserved 1048576K
}
Event: 21.273 GC heap after
{Heap after GC invocations=50 (full 0):
 garbage-first heap   total 158720K, used 83429K [0x0000000080000000, 0x0000000100000000)
  region size 1024K, 1 young (1024K), 1 survivors (1024K)
 Metaspace       used 79587K, committed 80128K, reserved 1179648K
  class space    used 10719K, committed 11008K, reserved 1048576K
}
Event: 21.393 GC heap before
{Heap before GC invocations=50 (full 0):
 garbage-first heap   total 158720K, used 91621K [0x0000000080000000, 0x0000000100000000)
  region size 1024K, 10 young (10240K), 1 survivors (1024K)
 Metaspace       used 80147K, committed 80704K, reserved 1179648K
  class space    used 10795K, committed 11072K, reserved 1048576K
}
Event: 21.395 GC heap after
{Heap after GC invocations=51 (full 0):
 garbage-first heap   total 158720K, used 83280K [0x0000000080000000, 0x0000000100000000)
  region size 1024K, 1 young (1024K), 1 survivors (1024K)
 Metaspace       used 80147K, committed 80704K, reserved 1179648K
  class space    used 10795K, committed 11072K, reserved 1048576K
}
Event: 22.390 GC heap before
{Heap before GC invocations=52 (full 0):
 garbage-first heap   total 158720K, used 128336K [0x0000000080000000, 0x0000000100000000)
  region size 1024K, 44 young (45056K), 1 survivors (1024K)
 Metaspace       used 83585K, committed 84160K, reserved 1179648K
  class space    used 11468K, committed 11712K, reserved 1048576K
}
Event: 22.395 GC heap after
{Heap after GC invocations=53 (full 0):
 garbage-first heap   total 158720K, used 84366K [0x0000000080000000, 0x0000000100000000)
  region size 1024K, 2 young (2048K), 2 survivors (2048K)
 Metaspace       used 83585K, committed 84160K, reserved 1179648K
  class space    used 11468K, committed 11712K, reserved 1048576K
}
Event: 22.566 GC heap before
{Heap before GC invocations=53 (full 0):
 garbage-first heap   total 158720K, used 88462K [0x0000000080000000, 0x0000000100000000)
  region size 1024K, 7 young (7168K), 2 survivors (2048K)
 Metaspace       used 83995K, committed 84544K, reserved 1179648K
  class space    used 11528K, committed 11776K, reserved 1048576K
}
Event: 22.571 GC heap after
{Heap after GC invocations=54 (full 0):
 garbage-first heap   total 158720K, used 83770K [0x0000000080000000, 0x0000000100000000)
  region size 1024K, 1 young (1024K), 1 survivors (1024K)
 Metaspace       used 83995K, committed 84544K, reserved 1179648K
  class space    used 11528K, committed 11776K, reserved 1048576K
}
Event: 24.018 GC heap before
{Heap before GC invocations=54 (full 0):
 garbage-first heap   total 158720K, used 128826K [0x0000000080000000, 0x0000000100000000)
  region size 1024K, 45 young (46080K), 1 survivors (1024K)
 Metaspace       used 87254K, committed 87872K, reserved 1179648K
  class space    used 12021K, committed 12288K, reserved 1048576K
}
Event: 24.023 GC heap after
{Heap after GC invocations=55 (full 0):
 garbage-first heap   total 158720K, used 86394K [0x0000000080000000, 0x0000000100000000)
  region size 1024K, 3 young (3072K), 3 survivors (3072K)
 Metaspace       used 87254K, committed 87872K, reserved 1179648K
  class space    used 12021K, committed 12288K, reserved 1048576K
}
Event: 25.625 GC heap before
{Heap before GC invocations=56 (full 0):
 garbage-first heap   total 158720K, used 130426K [0x0000000080000000, 0x0000000100000000)
  region size 1024K, 46 young (47104K), 3 survivors (3072K)
 Metaspace       used 90763K, committed 91328K, reserved 1179648K
  class space    used 12527K, committed 12800K, reserved 1048576K
}
Event: 25.634 GC heap after
{Heap after GC invocations=57 (full 0):
 garbage-first heap   total 158720K, used 89085K [0x0000000080000000, 0x0000000100000000)
  region size 1024K, 6 young (6144K), 6 survivors (6144K)
 Metaspace       used 90763K, committed 91328K, reserved 1179648K
  class space    used 12527K, committed 12800K, reserved 1048576K
}
Event: 25.658 GC heap before
{Heap before GC invocations=57 (full 0):
 garbage-first heap   total 158720K, used 90109K [0x0000000080000000, 0x0000000100000000)
  region size 1024K, 7 young (7168K), 6 survivors (6144K)
 Metaspace       used 90877K, committed 91456K, reserved 1179648K
  class space    used 12539K, committed 12800K, reserved 1048576K
}
Event: 25.664 GC heap after
{Heap after GC invocations=58 (full 0):
 garbage-first heap   total 158720K, used 89139K [0x0000000080000000, 0x0000000100000000)
  region size 1024K, 1 young (1024K), 1 survivors (1024K)
 Metaspace       used 90877K, committed 91456K, reserved 1179648K
  class space    used 12539K, committed 12800K, reserved 1048576K
}
Event: 27.287 GC heap before
{Heap before GC invocations=58 (full 0):
 garbage-first heap   total 158720K, used 131123K [0x0000000080000000, 0x0000000100000000)
  region size 1024K, 42 young (43008K), 1 survivors (1024K)
 Metaspace       used 94867K, committed 95488K, reserved 1179648K
  class space    used 13099K, committed 13376K, reserved 1048576K
}
Event: 27.295 GC heap after
{Heap after GC invocations=59 (full 0):
 garbage-first heap   total 317440K, used 90921K [0x0000000080000000, 0x0000000100000000)
  region size 1024K, 3 young (3072K), 3 survivors (3072K)
 Metaspace       used 94867K, committed 95488K, reserved 1179648K
  class space    used 13099K, committed 13376K, reserved 1048576K
}
Event: 35.704 GC heap before
{Heap before GC invocations=60 (full 0):
 garbage-first heap   total 317440K, used 251689K [0x0000000080000000, 0x0000000100000000)
  region size 1024K, 160 young (163840K), 3 survivors (3072K)
 Metaspace       used 98639K, committed 99392K, reserved 1179648K
  class space    used 13688K, committed 14080K, reserved 1048576K
}
Event: 35.724 GC heap after
{Heap after GC invocations=61 (full 0):
 garbage-first heap   total 317440K, used 109013K [0x0000000080000000, 0x0000000100000000)
  region size 1024K, 20 young (20480K), 20 survivors (20480K)
 Metaspace       used 98639K, committed 99392K, reserved 1179648K
  class space    used 13688K, committed 14080K, reserved 1048576K
}
Event: 35.771 GC heap before
{Heap before GC invocations=61 (full 0):
 garbage-first heap   total 317440K, used 109013K [0x0000000080000000, 0x0000000100000000)
  region size 1024K, 21 young (21504K), 20 survivors (20480K)
 Metaspace       used 98647K, committed 99392K, reserved 1179648K
  class space    used 13688K, committed 14080K, reserved 1048576K
}
Event: 35.788 GC heap after
{Heap after GC invocations=62 (full 0):
 garbage-first heap   total 317440K, used 111191K [0x0000000080000000, 0x0000000100000000)
  region size 1024K, 3 young (3072K), 3 survivors (3072K)
 Metaspace       used 98647K, committed 99392K, reserved 1179648K
  class space    used 13688K, committed 14080K, reserved 1048576K
}

