# JRE version: OpenJDK Runtime Environment (17.0.7) (build 17.0.7+0-b2043.56-10550314)
# Java VM: OpenJDK 64-Bit Server VM (17.0.7+0-b2043.56-10550314, mixed mode, tiered, compressed oops, compressed class ptrs, g1 gc, windows-amd64)
GC Precious Log:
 CPUs: 8 total, 8 available
 Memory: 8006M
 Large Page Support: Disabled
 NUMA Support: Disabled
 Compressed Oops: Enabled (32-bit)
 Heap Region Size: 1M
 Heap Min Capacity: 8M
 Heap Initial Capacity: 126M
 Heap Max Capacity: 2G
 Pre-touch: Disabled
 Parallel Workers: 8
 Concurrent Workers: 2
 Concurrent Refinement Workers: 8
 Periodic GC: Disabled
Heap:
 garbage-first heap   total 246784K, used 125311K [0x0000000080000000, 0x0000000100000000)
  region size 1024K, 18 young (18432K), 8 survivors (8192K)
 Metaspace       used 103329K, committed 104128K, reserved 1179648K
  class space    used 14167K, committed 14592K, reserved 1048576K
GC Heap History (20 events):
Event: 14.615 GC heap before
{Heap before GC invocations=43 (full 0):
 garbage-first heap   total 135168K, used 106680K [0x0000000080000000, 0x0000000100000000)
  region size 1024K, 31 young (31744K), 2 survivors (2048K)
 Metaspace       used 78083K, committed 78720K, reserved 1179648K
  class space    used 10513K, committed 10816K, reserved 1048576K
}
Event: 14.620 GC heap after
{Heap after GC invocations=44 (full 0):
 garbage-first heap   total 135168K, used 81125K [0x0000000080000000, 0x0000000100000000)
  region size 1024K, 4 young (4096K), 4 survivors (4096K)
 Metaspace       used 78083K, committed 78720K, reserved 1179648K
  class space    used 10513K, committed 10816K, reserved 1048576K
}
Event: 14.989 GC heap before
{Heap before GC invocations=44 (full 0):
 garbage-first heap   total 135168K, used 107749K [0x0000000080000000, 0x0000000100000000)
  region size 1024K, 31 young (31744K), 4 survivors (4096K)
 Metaspace       used 79608K, committed 80192K, reserved 1179648K
  class space    used 10730K, committed 11008K, reserved 1048576K
}
Event: 14.993 GC heap after
{Heap after GC invocations=45 (full 0):
 garbage-first heap   total 135168K, used 82976K [0x0000000080000000, 0x0000000100000000)
  region size 1024K, 3 young (3072K), 3 survivors (3072K)
 Metaspace       used 79608K, committed 80192K, reserved 1179648K
  class space    used 10730K, committed 11008K, reserved 1048576K
}
Event: 15.364 GC heap before
{Heap before GC invocations=46 (full 0):
 garbage-first heap   total 148480K, used 109600K [0x0000000080000000, 0x0000000100000000)
  region size 1024K, 28 young (28672K), 3 survivors (3072K)
 Metaspace       used 81428K, committed 82112K, reserved 1179648K
  class space    used 11023K, committed 11328K, reserved 1048576K
}
Event: 15.367 GC heap after
{Heap after GC invocations=47 (full 0):
 garbage-first heap   total 148480K, used 83839K [0x0000000080000000, 0x0000000100000000)
  region size 1024K, 3 young (3072K), 3 survivors (3072K)
 Metaspace       used 81428K, committed 82112K, reserved 1179648K
  class space    used 11023K, committed 11328K, reserved 1048576K
}
Event: 15.417 GC heap before
{Heap before GC invocations=47 (full 0):
 garbage-first heap   total 148480K, used 86911K [0x0000000080000000, 0x0000000100000000)
  region size 1024K, 7 young (7168K), 3 survivors (3072K)
 Metaspace       used 81776K, committed 82432K, reserved 1179648K
  class space    used 11101K, committed 11392K, reserved 1048576K
}
Event: 15.420 GC heap after
{Heap after GC invocations=48 (full 0):
 garbage-first heap   total 148480K, used 83520K [0x0000000080000000, 0x0000000100000000)
  region size 1024K, 1 young (1024K), 1 survivors (1024K)
 Metaspace       used 81776K, committed 82432K, reserved 1179648K
  class space    used 11101K, committed 11392K, reserved 1048576K
}
Event: 15.837 GC heap before
{Heap before GC invocations=48 (full 0):
 garbage-first heap   total 148480K, used 119360K [0x0000000080000000, 0x0000000100000000)
  region size 1024K, 36 young (36864K), 1 survivors (1024K)
 Metaspace       used 84610K, committed 85248K, reserved 1179648K
  class space    used 11616K, committed 11904K, reserved 1048576K
}
Event: 15.840 GC heap after
{Heap after GC invocations=49 (full 0):
 garbage-first heap   total 246784K, used 84556K [0x0000000080000000, 0x0000000100000000)
  region size 1024K, 2 young (2048K), 2 survivors (2048K)
 Metaspace       used 84610K, committed 85248K, reserved 1179648K
  class space    used 11616K, committed 11904K, reserved 1048576K
}
Event: 17.250 GC heap before
{Heap before GC invocations=50 (full 0):
 garbage-first heap   total 246784K, used 185932K [0x0000000080000000, 0x0000000100000000)
  region size 1024K, 101 young (103424K), 2 survivors (2048K)
 Metaspace       used 93384K, committed 94016K, reserved 1179648K
  class space    used 12921K, committed 13248K, reserved 1048576K
}
Event: 17.259 GC heap after
{Heap after GC invocations=51 (full 0):
 garbage-first heap   total 246784K, used 90457K [0x0000000080000000, 0x0000000100000000)
  region size 1024K, 8 young (8192K), 8 survivors (8192K)
 Metaspace       used 93384K, committed 94016K, reserved 1179648K
  class space    used 12921K, committed 13248K, reserved 1048576K
}
Event: 17.339 GC heap before
{Heap before GC invocations=51 (full 0):
 garbage-first heap   total 246784K, used 93529K [0x0000000080000000, 0x0000000100000000)
  region size 1024K, 12 young (12288K), 8 survivors (8192K)
 Metaspace       used 93790K, committed 94464K, reserved 1179648K
  class space    used 12959K, committed 13312K, reserved 1048576K
}
Event: 17.347 GC heap after
{Heap after GC invocations=52 (full 0):
 garbage-first heap   total 246784K, used 90742K [0x0000000080000000, 0x0000000100000000)
  region size 1024K, 1 young (1024K), 1 survivors (1024K)
 Metaspace       used 93790K, committed 94464K, reserved 1179648K
  class space    used 12959K, committed 13312K, reserved 1048576K
}
Event: 18.987 GC heap before
{Heap before GC invocations=52 (full 0):
 garbage-first heap   total 246784K, used 191094K [0x0000000080000000, 0x0000000100000000)
  region size 1024K, 99 young (101376K), 1 survivors (1024K)
 Metaspace       used 97282K, committed 97984K, reserved 1179648K
  class space    used 13491K, committed 13824K, reserved 1048576K
}
Event: 18.995 GC heap after
{Heap after GC invocations=53 (full 0):
 garbage-first heap   total 246784K, used 101428K [0x0000000080000000, 0x0000000100000000)
  region size 1024K, 12 young (12288K), 12 survivors (12288K)
 Metaspace       used 97282K, committed 97984K, reserved 1179648K
  class space    used 13491K, committed 13824K, reserved 1048576K
}
Event: 23.851 GC heap before
{Heap before GC invocations=53 (full 0):
 garbage-first heap   total 246784K, used 195636K [0x0000000080000000, 0x0000000100000000)
  region size 1024K, 100 young (102400K), 12 survivors (12288K)
 Metaspace       used 99541K, committed 100288K, reserved 1179648K
  class space    used 13716K, committed 14080K, reserved 1048576K
}
Event: 23.872 GC heap after
{Heap after GC invocations=54 (full 0):
 garbage-first heap   total 246784K, used 111267K [0x0000000080000000, 0x0000000100000000)
  region size 1024K, 10 young (10240K), 10 survivors (10240K)
 Metaspace       used 99541K, committed 100288K, reserved 1179648K
  class space    used 13716K, committed 14080K, reserved 1048576K
}
Event: 27.372 GC heap before
{Heap before GC invocations=54 (full 0):
 garbage-first heap   total 246784K, used 194211K [0x0000000080000000, 0x0000000100000000)
  region size 1024K, 92 young (94208K), 10 survivors (10240K)
 Metaspace       used 103266K, committed 104064K, reserved 1179648K
  class space    used 14158K, committed 14528K, reserved 1048576K
}
Event: 27.383 GC heap after
{Heap after GC invocations=55 (full 0):
 garbage-first heap   total 246784K, used 117119K [0x0000000080000000, 0x0000000100000000)
  region size 1024K, 8 young (8192K), 8 survivors (8192K)
 Metaspace       used 103266K, committed 104064K, reserved 1179648K
  class space    used 14158K, committed 14528K, reserved 1048576K
}

