# JRE version: OpenJDK Runtime Environment (17.0.7) (build 17.0.7+0-b2043.56-10550314)
# Java VM: OpenJDK 64-Bit Server VM (17.0.7+0-b2043.56-10550314, mixed mode, tiered, compressed oops, compressed class ptrs, g1 gc, windows-amd64)
GC Precious Log:
 CPUs: 8 total, 8 available
 Memory: 8006M
 Large Page Support: Disabled
 NUMA Support: Disabled
 Compressed Oops: Enabled (32-bit)
 Heap Region Size: 1M
 Heap Min Capacity: 8M
 Heap Initial Capacity: 126M
 Heap Max Capacity: 2G
 Pre-touch: Disabled
 Parallel Workers: 8
 Concurrent Workers: 2
 Concurrent Refinement Workers: 8
 Periodic GC: Disabled
Heap:
 garbage-first heap   total 321536K, used 146962K [0x0000000080000000, 0x0000000100000000)
  region size 1024K, 52 young (53248K), 5 survivors (5120K)
 Metaspace       used 98150K, committed 98880K, reserved 1179648K
  class space    used 13649K, committed 14016K, reserved 1048576K
GC Heap History (20 events):
Event: 17.444 GC heap before
{Heap before GC invocations=47 (full 0):
 garbage-first heap   total 158720K, used 114298K [0x0000000080000000, 0x0000000100000000)
  region size 1024K, 39 young (39936K), 6 survivors (6144K)
 Metaspace       used 80067K, committed 80704K, reserved 1179648K
  class space    used 10781K, committed 11072K, reserved 1048576K
}
Event: 17.450 GC heap after
{Heap after GC invocations=48 (full 0):
 garbage-first heap   total 158720K, used 83380K [0x0000000080000000, 0x0000000100000000)
  region size 1024K, 2 young (2048K), 2 survivors (2048K)
 Metaspace       used 80067K, committed 80704K, reserved 1179648K
  class space    used 10781K, committed 11072K, reserved 1048576K
}
Event: 18.231 GC heap before
{Heap before GC invocations=49 (full 0):
 garbage-first heap   total 158720K, used 124340K [0x0000000080000000, 0x0000000100000000)
  region size 1024K, 41 young (41984K), 2 survivors (2048K)
 Metaspace       used 83158K, committed 83776K, reserved 1179648K
  class space    used 11396K, committed 11712K, reserved 1048576K
}
Event: 18.233 GC heap after
{Heap after GC invocations=50 (full 0):
 garbage-first heap   total 158720K, used 84272K [0x0000000080000000, 0x0000000100000000)
  region size 1024K, 3 young (3072K), 3 survivors (3072K)
 Metaspace       used 83158K, committed 83776K, reserved 1179648K
  class space    used 11396K, committed 11712K, reserved 1048576K
}
Event: 18.285 GC heap before
{Heap before GC invocations=50 (full 0):
 garbage-first heap   total 158720K, used 88368K [0x0000000080000000, 0x0000000100000000)
  region size 1024K, 7 young (7168K), 3 survivors (3072K)
 Metaspace       used 83500K, committed 84096K, reserved 1179648K
  class space    used 11455K, committed 11776K, reserved 1048576K
}
Event: 18.288 GC heap after
{Heap after GC invocations=51 (full 0):
 garbage-first heap   total 158720K, used 83665K [0x0000000080000000, 0x0000000100000000)
  region size 1024K, 1 young (1024K), 1 survivors (1024K)
 Metaspace       used 83500K, committed 84096K, reserved 1179648K
  class space    used 11455K, committed 11776K, reserved 1048576K
}
Event: 18.888 GC heap before
{Heap before GC invocations=51 (full 0):
 garbage-first heap   total 158720K, used 125649K [0x0000000080000000, 0x0000000100000000)
  region size 1024K, 42 young (43008K), 1 survivors (1024K)
 Metaspace       used 86529K, committed 87104K, reserved 1179648K
  class space    used 11898K, committed 12160K, reserved 1048576K
}
Event: 18.892 GC heap after
{Heap after GC invocations=52 (full 0):
 garbage-first heap   total 158720K, used 85418K [0x0000000080000000, 0x0000000100000000)
  region size 1024K, 3 young (3072K), 3 survivors (3072K)
 Metaspace       used 86529K, committed 87104K, reserved 1179648K
  class space    used 11898K, committed 12160K, reserved 1048576K
}
Event: 19.990 GC heap before
{Heap before GC invocations=53 (full 0):
 garbage-first heap   total 158720K, used 127402K [0x0000000080000000, 0x0000000100000000)
  region size 1024K, 44 young (45056K), 3 survivors (3072K)
 Metaspace       used 89709K, committed 90368K, reserved 1179648K
  class space    used 12372K, committed 12672K, reserved 1048576K
}
Event: 19.995 GC heap after
{Heap after GC invocations=54 (full 0):
 garbage-first heap   total 158720K, used 88644K [0x0000000080000000, 0x0000000100000000)
  region size 1024K, 6 young (6144K), 6 survivors (6144K)
 Metaspace       used 89709K, committed 90368K, reserved 1179648K
  class space    used 12372K, committed 12672K, reserved 1048576K
}
Event: 20.037 GC heap before
{Heap before GC invocations=54 (full 0):
 garbage-first heap   total 158720K, used 89668K [0x0000000080000000, 0x0000000100000000)
  region size 1024K, 7 young (7168K), 6 survivors (6144K)
 Metaspace       used 89811K, committed 90432K, reserved 1179648K
  class space    used 12390K, committed 12672K, reserved 1048576K
}
Event: 20.043 GC heap after
{Heap after GC invocations=55 (full 0):
 garbage-first heap   total 158720K, used 88928K [0x0000000080000000, 0x0000000100000000)
  region size 1024K, 1 young (1024K), 1 survivors (1024K)
 Metaspace       used 89811K, committed 90432K, reserved 1179648K
  class space    used 12390K, committed 12672K, reserved 1048576K
}
Event: 24.174 GC heap before
{Heap before GC invocations=55 (full 0):
 garbage-first heap   total 158720K, used 128864K [0x0000000080000000, 0x0000000100000000)
  region size 1024K, 40 young (40960K), 1 survivors (1024K)
 Metaspace       used 94157K, committed 94784K, reserved 1179648K
  class space    used 13003K, committed 13312K, reserved 1048576K
}
Event: 24.178 GC heap after
{Heap after GC invocations=56 (full 0):
 garbage-first heap   total 158720K, used 90230K [0x0000000080000000, 0x0000000100000000)
  region size 1024K, 2 young (2048K), 2 survivors (2048K)
 Metaspace       used 94157K, committed 94784K, reserved 1179648K
  class space    used 13003K, committed 13312K, reserved 1048576K
}
Event: 24.925 GC heap before
{Heap before GC invocations=57 (full 0):
 garbage-first heap   total 160768K, used 131190K [0x0000000080000000, 0x0000000100000000)
  region size 1024K, 42 young (43008K), 2 survivors (2048K)
 Metaspace       used 96122K, committed 96832K, reserved 1179648K
  class space    used 13280K, committed 13632K, reserved 1048576K
}
Event: 24.935 GC heap after
{Heap after GC invocations=58 (full 0):
 garbage-first heap   total 160768K, used 93884K [0x0000000080000000, 0x0000000100000000)
  region size 1024K, 6 young (6144K), 6 survivors (6144K)
 Metaspace       used 96122K, committed 96832K, reserved 1179648K
  class space    used 13280K, committed 13632K, reserved 1048576K
}
Event: 24.956 GC heap before
{Heap before GC invocations=58 (full 0):
 garbage-first heap   total 160768K, used 94908K [0x0000000080000000, 0x0000000100000000)
  region size 1024K, 7 young (7168K), 6 survivors (6144K)
 Metaspace       used 96148K, committed 96832K, reserved 1179648K
  class space    used 13284K, committed 13632K, reserved 1048576K
}
Event: 24.964 GC heap after
{Heap after GC invocations=59 (full 0):
 garbage-first heap   total 160768K, used 93935K [0x0000000080000000, 0x0000000100000000)
  region size 1024K, 1 young (1024K), 1 survivors (1024K)
 Metaspace       used 96148K, committed 96832K, reserved 1179648K
  class space    used 13284K, committed 13632K, reserved 1048576K
}
Event: 25.436 GC heap before
{Heap before GC invocations=59 (full 0):
 garbage-first heap   total 160768K, used 133871K [0x0000000080000000, 0x0000000100000000)
  region size 1024K, 40 young (40960K), 1 survivors (1024K)
 Metaspace       used 96285K, committed 96960K, reserved 1179648K
  class space    used 13291K, committed 13632K, reserved 1048576K
}
Event: 25.443 GC heap after
{Heap after GC invocations=60 (full 0):
 garbage-first heap   total 321536K, used 99858K [0x0000000080000000, 0x0000000100000000)
  region size 1024K, 5 young (5120K), 5 survivors (5120K)
 Metaspace       used 96285K, committed 96960K, reserved 1179648K
  class space    used 13291K, committed 13632K, reserved 1048576K
}

