# JRE version: OpenJDK Runtime Environment (17.0.7) (build 17.0.7+0-b2043.56-10550314)
# Java VM: OpenJDK 64-Bit Server VM (17.0.7+0-b2043.56-10550314, mixed mode, tiered, compressed oops, compressed class ptrs, g1 gc, windows-amd64)
GC Precious Log:
 CPUs: 8 total, 8 available
 Memory: 8006M
 Large Page Support: Disabled
 NUMA Support: Disabled
 Compressed Oops: Enabled (32-bit)
 Heap Region Size: 1M
 Heap Min Capacity: 8M
 Heap Initial Capacity: 126M
 Heap Max Capacity: 2G
 Pre-touch: Disabled
 Parallel Workers: 8
 Concurrent Workers: 2
 Concurrent Refinement Workers: 8
 Periodic GC: Disabled
Heap:
 garbage-first heap   total 335872K, used 224264K [0x0000000080000000, 0x0000000100000000)
  region size 1024K, 99 young (101376K), 6 survivors (6144K)
 Metaspace       used 128950K, committed 129856K, reserved 1179648K
  class space    used 17966K, committed 18432K, reserved 1048576K
GC Heap History (20 events):
Event: 68.419 GC heap before
{Heap before GC invocations=49 (full 0):
 garbage-first heap   total 162816K, used 131969K [0x0000000080000000, 0x0000000100000000)
  region size 1024K, 46 young (47104K), 3 survivors (3072K)
 Metaspace       used 94031K, committed 94656K, reserved 1179648K
  class space    used 12902K, committed 13248K, reserved 1048576K
}
Event: 68.423 GC heap after
{Heap after GC invocations=50 (full 0):
 garbage-first heap   total 162816K, used 90729K [0x0000000080000000, 0x0000000100000000)
  region size 1024K, 5 young (5120K), 5 survivors (5120K)
 Metaspace       used 94031K, committed 94656K, reserved 1179648K
  class space    used 12902K, committed 13248K, reserved 1048576K
}
Event: 68.439 GC heap before
{Heap before GC invocations=50 (full 0):
 garbage-first heap   total 162816K, used 92777K [0x0000000080000000, 0x0000000100000000)
  region size 1024K, 7 young (7168K), 5 survivors (5120K)
 Metaspace       used 94155K, committed 94848K, reserved 1179648K
  class space    used 12918K, committed 13248K, reserved 1048576K
}
Event: 68.443 GC heap after
{Heap after GC invocations=51 (full 0):
 garbage-first heap   total 162816K, used 90794K [0x0000000080000000, 0x0000000100000000)
  region size 1024K, 1 young (1024K), 1 survivors (1024K)
 Metaspace       used 94155K, committed 94848K, reserved 1179648K
  class space    used 12918K, committed 13248K, reserved 1048576K
}
Event: 69.023 GC heap before
{Heap before GC invocations=51 (full 0):
 garbage-first heap   total 162816K, used 133802K [0x0000000080000000, 0x0000000100000000)
  region size 1024K, 43 young (44032K), 1 survivors (1024K)
 Metaspace       used 97515K, committed 98176K, reserved 1179648K
  class space    used 13456K, committed 13760K, reserved 1048576K
}
Event: 69.026 GC heap after
{Heap after GC invocations=52 (full 0):
 garbage-first heap   total 162816K, used 92469K [0x0000000080000000, 0x0000000100000000)
  region size 1024K, 3 young (3072K), 3 survivors (3072K)
 Metaspace       used 97515K, committed 98176K, reserved 1179648K
  class space    used 13456K, committed 13760K, reserved 1048576K
}
Event: 69.589 GC heap before
{Heap before GC invocations=53 (full 0):
 garbage-first heap   total 167936K, used 133429K [0x0000000080000000, 0x0000000100000000)
  region size 1024K, 43 young (44032K), 3 survivors (3072K)
 Metaspace       used 100965K, committed 101696K, reserved 1179648K
  class space    used 13904K, committed 14272K, reserved 1048576K
}
Event: 69.593 GC heap after
{Heap after GC invocations=54 (full 0):
 garbage-first heap   total 167936K, used 95430K [0x0000000080000000, 0x0000000100000000)
  region size 1024K, 6 young (6144K), 6 survivors (6144K)
 Metaspace       used 100965K, committed 101696K, reserved 1179648K
  class space    used 13904K, committed 14272K, reserved 1048576K
}
Event: 69.610 GC heap before
{Heap before GC invocations=54 (full 0):
 garbage-first heap   total 167936K, used 97478K [0x0000000080000000, 0x0000000100000000)
  region size 1024K, 8 young (8192K), 6 survivors (6144K)
 Metaspace       used 101038K, committed 101760K, reserved 1179648K
  class space    used 13911K, committed 14272K, reserved 1048576K
}
Event: 69.615 GC heap after
{Heap after GC invocations=55 (full 0):
 garbage-first heap   total 167936K, used 95342K [0x0000000080000000, 0x0000000100000000)
  region size 1024K, 1 young (1024K), 1 survivors (1024K)
 Metaspace       used 101038K, committed 101760K, reserved 1179648K
  class space    used 13911K, committed 14272K, reserved 1048576K
}
Event: 69.973 GC heap before
{Heap before GC invocations=55 (full 0):
 garbage-first heap   total 167936K, used 139374K [0x0000000080000000, 0x0000000100000000)
  region size 1024K, 44 young (45056K), 1 survivors (1024K)
 Metaspace       used 101898K, committed 102656K, reserved 1179648K
  class space    used 14017K, committed 14400K, reserved 1048576K
}
Event: 69.980 GC heap after
{Heap after GC invocations=56 (full 0):
 garbage-first heap   total 335872K, used 100639K [0x0000000080000000, 0x0000000100000000)
  region size 1024K, 6 young (6144K), 6 survivors (6144K)
 Metaspace       used 101898K, committed 102656K, reserved 1179648K
  class space    used 14017K, committed 14400K, reserved 1048576K
}
Event: 72.780 GC heap before
{Heap before GC invocations=57 (full 0):
 garbage-first heap   total 335872K, used 252191K [0x0000000080000000, 0x0000000100000000)
  region size 1024K, 154 young (157696K), 6 survivors (6144K)
 Metaspace       used 104736K, committed 105536K, reserved 1179648K
  class space    used 14443K, committed 14848K, reserved 1048576K
}
Event: 72.797 GC heap after
{Heap after GC invocations=58 (full 0):
 garbage-first heap   total 335872K, used 114899K [0x0000000080000000, 0x0000000100000000)
  region size 1024K, 20 young (20480K), 20 survivors (20480K)
 Metaspace       used 104736K, committed 105536K, reserved 1179648K
  class space    used 14443K, committed 14848K, reserved 1048576K
}
Event: 72.908 GC heap before
{Heap before GC invocations=58 (full 0):
 garbage-first heap   total 335872K, used 115923K [0x0000000080000000, 0x0000000100000000)
  region size 1024K, 21 young (21504K), 20 survivors (20480K)
 Metaspace       used 104747K, committed 105536K, reserved 1179648K
  class space    used 14445K, committed 14848K, reserved 1048576K
}
Event: 72.920 GC heap after
{Heap after GC invocations=59 (full 0):
 garbage-first heap   total 335872K, used 116355K [0x0000000080000000, 0x0000000100000000)
  region size 1024K, 3 young (3072K), 3 survivors (3072K)
 Metaspace       used 104747K, committed 105536K, reserved 1179648K
  class space    used 14445K, committed 14848K, reserved 1048576K
}
Event: 86.836 GC heap before
{Heap before GC invocations=59 (full 0):
 garbage-first heap   total 335872K, used 259715K [0x0000000080000000, 0x0000000100000000)
  region size 1024K, 139 young (142336K), 3 survivors (3072K)
 Metaspace       used 112222K, committed 113088K, reserved 1179648K
  class space    used 15396K, committed 15808K, reserved 1048576K
}
Event: 86.848 GC heap after
{Heap after GC invocations=60 (full 0):
 garbage-first heap   total 335872K, used 124553K [0x0000000080000000, 0x0000000100000000)
  region size 1024K, 11 young (11264K), 11 survivors (11264K)
 Metaspace       used 112222K, committed 113088K, reserved 1179648K
  class space    used 15396K, committed 15808K, reserved 1048576K
}
Event: 90.358 GC heap before
{Heap before GC invocations=60 (full 0):
 garbage-first heap   total 335872K, used 273033K [0x0000000080000000, 0x0000000100000000)
  region size 1024K, 145 young (148480K), 11 survivors (11264K)
 Metaspace       used 127911K, committed 128768K, reserved 1179648K
  class space    used 17913K, committed 18368K, reserved 1048576K
}
Event: 90.371 GC heap after
{Heap after GC invocations=61 (full 0):
 garbage-first heap   total 335872K, used 130056K [0x0000000080000000, 0x0000000100000000)
  region size 1024K, 6 young (6144K), 6 survivors (6144K)
 Metaspace       used 127911K, committed 128768K, reserved 1179648K
  class space    used 17913K, committed 18368K, reserved 1048576K
}

