# JRE version: OpenJDK Runtime Environment (17.0.7) (build 17.0.7+0-b2043.56-10550314)
# Java VM: OpenJDK 64-Bit Server VM (17.0.7+0-b2043.56-10550314, mixed mode, tiered, compressed oops, compressed class ptrs, g1 gc, windows-amd64)
GC Precious Log:
 CPUs: 8 total, 8 available
 Memory: 8006M
 Large Page Support: Disabled
 NUMA Support: Disabled
 Compressed Oops: Enabled (32-bit)
 Heap Region Size: 1M
 Heap Min Capacity: 8M
 Heap Initial Capacity: 126M
 Heap Max Capacity: 2G
 Pre-touch: Disabled
 Parallel Workers: 8
 Concurrent Workers: 2
 Concurrent Refinement Workers: 8
 Periodic GC: Disabled
Heap:
 garbage-first heap   total 152576K, used 112945K [0x0000000080000000, 0x0000000100000000)
  region size 1024K, 31 young (31744K), 6 survivors (6144K)
 Metaspace       used 89795K, committed 90432K, reserved 1179648K
  class space    used 12373K, committed 12672K, reserved 1048576K
GC Heap History (20 events):
Event: 32.596 GC heap before
{Heap before GC invocations=29 (full 0):
 garbage-first heap   total 109568K, used 84472K [0x0000000080000000, 0x0000000100000000)
  region size 1024K, 24 young (24576K), 1 survivors (1024K)
 Metaspace       used 61876K, committed 62464K, reserved 1114112K
  class space    used 8304K, committed 8576K, reserved 1048576K
}
Event: 32.598 GC heap after
{Heap after GC invocations=30 (full 0):
 garbage-first heap   total 109568K, used 62649K [0x0000000080000000, 0x0000000100000000)
  region size 1024K, 2 young (2048K), 2 survivors (2048K)
 Metaspace       used 61876K, committed 62464K, reserved 1114112K
  class space    used 8304K, committed 8576K, reserved 1048576K
}
Event: 32.709 GC heap before
{Heap before GC invocations=30 (full 0):
 garbage-first heap   total 109568K, used 65721K [0x0000000080000000, 0x0000000100000000)
  region size 1024K, 5 young (5120K), 2 survivors (2048K)
 Metaspace       used 62623K, committed 63232K, reserved 1114112K
  class space    used 8414K, committed 8704K, reserved 1048576K
}
Event: 32.713 GC heap after
{Heap after GC invocations=31 (full 0):
 garbage-first heap   total 109568K, used 62267K [0x0000000080000000, 0x0000000100000000)
  region size 1024K, 1 young (1024K), 1 survivors (1024K)
 Metaspace       used 62623K, committed 63232K, reserved 1114112K
  class space    used 8414K, committed 8704K, reserved 1048576K
}
Event: 33.603 GC heap before
{Heap before GC invocations=31 (full 0):
 garbage-first heap   total 109568K, used 92987K [0x0000000080000000, 0x0000000100000000)
  region size 1024K, 25 young (25600K), 1 survivors (1024K)
 Metaspace       used 65437K, committed 66048K, reserved 1114112K
  class space    used 8760K, committed 9024K, reserved 1048576K
}
Event: 33.607 GC heap after
{Heap after GC invocations=32 (full 0):
 garbage-first heap   total 152576K, used 70656K [0x0000000080000000, 0x0000000100000000)
  region size 1024K, 4 young (4096K), 4 survivors (4096K)
 Metaspace       used 65437K, committed 66048K, reserved 1114112K
  class space    used 8760K, committed 9024K, reserved 1048576K
}
Event: 34.221 GC heap before
{Heap before GC invocations=33 (full 0):
 garbage-first heap   total 152576K, used 114688K [0x0000000080000000, 0x0000000100000000)
  region size 1024K, 47 young (48128K), 4 survivors (4096K)
 Metaspace       used 68622K, committed 69184K, reserved 1114112K
  class space    used 9202K, committed 9472K, reserved 1048576K
}
Event: 34.225 GC heap after
{Heap after GC invocations=34 (full 0):
 garbage-first heap   total 152576K, used 68676K [0x0000000080000000, 0x0000000100000000)
  region size 1024K, 4 young (4096K), 4 survivors (4096K)
 Metaspace       used 68622K, committed 69184K, reserved 1114112K
  class space    used 9202K, committed 9472K, reserved 1048576K
}
Event: 35.071 GC heap before
{Heap before GC invocations=34 (full 0):
 garbage-first heap   total 152576K, used 118852K [0x0000000080000000, 0x0000000100000000)
  region size 1024K, 49 young (50176K), 4 survivors (4096K)
 Metaspace       used 73034K, committed 73600K, reserved 1114112K
  class space    used 9836K, committed 10112K, reserved 1048576K
}
Event: 35.076 GC heap after
{Heap after GC invocations=35 (full 0):
 garbage-first heap   total 152576K, used 74712K [0x0000000080000000, 0x0000000100000000)
  region size 1024K, 6 young (6144K), 6 survivors (6144K)
 Metaspace       used 73034K, committed 73600K, reserved 1114112K
  class space    used 9836K, committed 10112K, reserved 1048576K
}
Event: 35.708 GC heap before
{Heap before GC invocations=35 (full 0):
 garbage-first heap   total 152576K, used 118744K [0x0000000080000000, 0x0000000100000000)
  region size 1024K, 49 young (50176K), 6 survivors (6144K)
 Metaspace       used 77099K, committed 77632K, reserved 1179648K
  class space    used 10373K, committed 10624K, reserved 1048576K
}
Event: 35.714 GC heap after
{Heap after GC invocations=36 (full 0):
 garbage-first heap   total 152576K, used 78028K [0x0000000080000000, 0x0000000100000000)
  region size 1024K, 6 young (6144K), 6 survivors (6144K)
 Metaspace       used 77099K, committed 77632K, reserved 1179648K
  class space    used 10373K, committed 10624K, reserved 1048576K
}
Event: 36.506 GC heap before
{Heap before GC invocations=36 (full 0):
 garbage-first heap   total 152576K, used 120012K [0x0000000080000000, 0x0000000100000000)
  region size 1024K, 48 young (49152K), 6 survivors (6144K)
 Metaspace       used 78934K, committed 79552K, reserved 1179648K
  class space    used 10610K, committed 10880K, reserved 1048576K
}
Event: 36.513 GC heap after
{Heap after GC invocations=37 (full 0):
 garbage-first heap   total 152576K, used 82185K [0x0000000080000000, 0x0000000100000000)
  region size 1024K, 6 young (6144K), 6 survivors (6144K)
 Metaspace       used 78934K, committed 79552K, reserved 1179648K
  class space    used 10610K, committed 10880K, reserved 1048576K
}
Event: 37.094 GC heap before
{Heap before GC invocations=37 (full 0):
 garbage-first heap   total 152576K, used 122121K [0x0000000080000000, 0x0000000100000000)
  region size 1024K, 45 young (46080K), 6 survivors (6144K)
 Metaspace       used 81871K, committed 82496K, reserved 1179648K
  class space    used 11100K, committed 11392K, reserved 1048576K
}
Event: 37.101 GC heap after
{Heap after GC invocations=38 (full 0):
 garbage-first heap   total 152576K, used 84195K [0x0000000080000000, 0x0000000100000000)
  region size 1024K, 2 young (2048K), 2 survivors (2048K)
 Metaspace       used 81871K, committed 82496K, reserved 1179648K
  class space    used 11100K, committed 11392K, reserved 1048576K
}
Event: 37.683 GC heap before
{Heap before GC invocations=38 (full 0):
 garbage-first heap   total 152576K, used 124131K [0x0000000080000000, 0x0000000100000000)
  region size 1024K, 41 young (41984K), 2 survivors (2048K)
 Metaspace       used 84998K, committed 85568K, reserved 1179648K
  class space    used 11663K, committed 11904K, reserved 1048576K
}
Event: 37.686 GC heap after
{Heap after GC invocations=39 (full 0):
 garbage-first heap   total 152576K, used 85617K [0x0000000080000000, 0x0000000100000000)
  region size 1024K, 4 young (4096K), 4 survivors (4096K)
 Metaspace       used 84998K, committed 85568K, reserved 1179648K
  class space    used 11663K, committed 11904K, reserved 1048576K
}
Event: 38.461 GC heap before
{Heap before GC invocations=39 (full 0):
 garbage-first heap   total 152576K, used 125553K [0x0000000080000000, 0x0000000100000000)
  region size 1024K, 43 young (44032K), 4 survivors (4096K)
 Metaspace       used 88115K, committed 88768K, reserved 1179648K
  class space    used 12131K, committed 12416K, reserved 1048576K
}
Event: 38.466 GC heap after
{Heap after GC invocations=40 (full 0):
 garbage-first heap   total 152576K, used 88369K [0x0000000080000000, 0x0000000100000000)
  region size 1024K, 6 young (6144K), 6 survivors (6144K)
 Metaspace       used 88115K, committed 88768K, reserved 1179648K
  class space    used 12131K, committed 12416K, reserved 1048576K
}

