# JRE version: OpenJDK Runtime Environment (17.0.7) (build 17.0.7+0-b2043.56-10550314)
# Java VM: OpenJDK 64-Bit Server VM (17.0.7+0-b2043.56-10550314, mixed mode, tiered, compressed oops, compressed class ptrs, g1 gc, windows-amd64)
GC Precious Log:
 CPUs: 8 total, 8 available
 Memory: 8006M
 Large Page Support: Disabled
 NUMA Support: Disabled
 Compressed Oops: Enabled (32-bit)
 Heap Region Size: 1M
 Heap Min Capacity: 8M
 Heap Initial Capacity: 126M
 Heap Max Capacity: 2002M
 Pre-touch: Disabled
 Parallel Workers: 8
 Concurrent Workers: 2
 Concurrent Refinement Workers: 8
 Periodic GC: Disabled
Heap:
 garbage-first heap   total 86016K, used 51915K [0x0000000082e00000, 0x0000000100000000)
  region size 1024K, 6 young (6144K), 3 survivors (3072K)
 Metaspace       used 63048K, committed 63296K, reserved 1114112K
  class space    used 7202K, committed 7296K, reserved 1048576K
GC Heap History (20 events):
Event: 9.348 GC heap before
{Heap before GC invocations=12 (full 0):
 garbage-first heap   total 55296K, used 41114K [0x0000000082e00000, 0x0000000100000000)
  region size 1024K, 22 young (22528K), 4 survivors (4096K)
 Metaspace       used 41561K, committed 41792K, reserved 1114112K
  class space    used 5038K, committed 5120K, reserved 1048576K
}
Event: 9.368 GC heap after
{Heap after GC invocations=13 (full 0):
 garbage-first heap   total 55296K, used 27179K [0x0000000082e00000, 0x0000000100000000)
  region size 1024K, 3 young (3072K), 3 survivors (3072K)
 Metaspace       used 41561K, committed 41792K, reserved 1114112K
  class space    used 5038K, committed 5120K, reserved 1048576K
}
Event: 9.507 GC heap before
{Heap before GC invocations=13 (full 0):
 garbage-first heap   total 55296K, used 40491K [0x0000000082e00000, 0x0000000100000000)
  region size 1024K, 16 young (16384K), 3 survivors (3072K)
 Metaspace       used 41685K, committed 41984K, reserved 1114112K
  class space    used 5046K, committed 5184K, reserved 1048576K
}
Event: 9.519 GC heap after
{Heap after GC invocations=14 (full 0):
 garbage-first heap   total 66560K, used 27603K [0x0000000082e00000, 0x0000000100000000)
  region size 1024K, 2 young (2048K), 2 survivors (2048K)
 Metaspace       used 41685K, committed 41984K, reserved 1114112K
  class space    used 5046K, committed 5184K, reserved 1048576K
}
Event: 10.847 GC heap before
{Heap before GC invocations=15 (full 0):
 garbage-first heap   total 66560K, used 48083K [0x0000000082e00000, 0x0000000100000000)
  region size 1024K, 22 young (22528K), 2 survivors (2048K)
 Metaspace       used 44537K, committed 44736K, reserved 1114112K
  class space    used 5305K, committed 5376K, reserved 1048576K
}
Event: 10.864 GC heap after
{Heap after GC invocations=16 (full 0):
 garbage-first heap   total 66560K, used 30438K [0x0000000082e00000, 0x0000000100000000)
  region size 1024K, 3 young (3072K), 3 survivors (3072K)
 Metaspace       used 44537K, committed 44736K, reserved 1114112K
  class space    used 5305K, committed 5376K, reserved 1048576K
}
Event: 11.492 GC heap before
{Heap before GC invocations=16 (full 0):
 garbage-first heap   total 66560K, used 49894K [0x0000000082e00000, 0x0000000100000000)
  region size 1024K, 22 young (22528K), 3 survivors (3072K)
 Metaspace       used 45012K, committed 45248K, reserved 1114112K
  class space    used 5318K, committed 5440K, reserved 1048576K
}
Event: 11.510 GC heap after
{Heap after GC invocations=17 (full 0):
 garbage-first heap   total 66560K, used 34205K [0x0000000082e00000, 0x0000000100000000)
  region size 1024K, 3 young (3072K), 3 survivors (3072K)
 Metaspace       used 45012K, committed 45248K, reserved 1114112K
  class space    used 5318K, committed 5440K, reserved 1048576K
}
Event: 11.871 GC heap before
{Heap before GC invocations=17 (full 0):
 garbage-first heap   total 66560K, used 49565K [0x0000000082e00000, 0x0000000100000000)
  region size 1024K, 18 young (18432K), 3 survivors (3072K)
 Metaspace       used 45549K, committed 45824K, reserved 1114112K
  class space    used 5366K, committed 5440K, reserved 1048576K
}
Event: 11.885 GC heap after
{Heap after GC invocations=18 (full 0):
 garbage-first heap   total 66560K, used 37031K [0x0000000082e00000, 0x0000000100000000)
  region size 1024K, 3 young (3072K), 3 survivors (3072K)
 Metaspace       used 45549K, committed 45824K, reserved 1114112K
  class space    used 5366K, committed 5440K, reserved 1048576K
}
Event: 12.191 GC heap before
{Heap before GC invocations=19 (full 0):
 garbage-first heap   total 71680K, used 49319K [0x0000000082e00000, 0x0000000100000000)
  region size 1024K, 16 young (16384K), 3 survivors (3072K)
 Metaspace       used 47822K, committed 48064K, reserved 1114112K
  class space    used 5646K, committed 5760K, reserved 1048576K
}
Event: 12.200 GC heap after
{Heap after GC invocations=20 (full 0):
 garbage-first heap   total 71680K, used 36704K [0x0000000082e00000, 0x0000000100000000)
  region size 1024K, 1 young (1024K), 1 survivors (1024K)
 Metaspace       used 47822K, committed 48064K, reserved 1114112K
  class space    used 5646K, committed 5760K, reserved 1048576K
}
Event: 12.849 GC heap before
{Heap before GC invocations=20 (full 0):
 garbage-first heap   total 71680K, used 55136K [0x0000000082e00000, 0x0000000100000000)
  region size 1024K, 19 young (19456K), 1 survivors (1024K)
 Metaspace       used 49259K, committed 49472K, reserved 1114112K
  class space    used 5804K, committed 5888K, reserved 1048576K
}
Event: 12.856 GC heap after
{Heap after GC invocations=21 (full 0):
 garbage-first heap   total 71680K, used 38596K [0x0000000082e00000, 0x0000000100000000)
  region size 1024K, 3 young (3072K), 3 survivors (3072K)
 Metaspace       used 49259K, committed 49472K, reserved 1114112K
  class space    used 5804K, committed 5888K, reserved 1048576K
}
Event: 13.754 GC heap before
{Heap before GC invocations=22 (full 0):
 garbage-first heap   total 71680K, used 56004K [0x0000000082e00000, 0x0000000100000000)
  region size 1024K, 20 young (20480K), 3 survivors (3072K)
 Metaspace       used 51946K, committed 52224K, reserved 1114112K
  class space    used 6086K, committed 6208K, reserved 1048576K
}
Event: 13.770 GC heap after
{Heap after GC invocations=23 (full 0):
 garbage-first heap   total 86016K, used 41319K [0x0000000082e00000, 0x0000000100000000)
  region size 1024K, 3 young (3072K), 3 survivors (3072K)
 Metaspace       used 51946K, committed 52224K, reserved 1114112K
  class space    used 6086K, committed 6208K, reserved 1048576K
}
Event: 14.487 GC heap before
{Heap before GC invocations=23 (full 0):
 garbage-first heap   total 86016K, used 63847K [0x0000000082e00000, 0x0000000100000000)
  region size 1024K, 26 young (26624K), 3 survivors (3072K)
 Metaspace       used 55901K, committed 56128K, reserved 1114112K
  class space    used 6449K, committed 6528K, reserved 1048576K
}
Event: 14.503 GC heap after
{Heap after GC invocations=24 (full 0):
 garbage-first heap   total 86016K, used 43590K [0x0000000082e00000, 0x0000000100000000)
  region size 1024K, 3 young (3072K), 3 survivors (3072K)
 Metaspace       used 55901K, committed 56128K, reserved 1114112K
  class space    used 6449K, committed 6528K, reserved 1048576K
}
Event: 15.254 GC heap before
{Heap before GC invocations=25 (full 0):
 garbage-first heap   total 86016K, used 66118K [0x0000000082e00000, 0x0000000100000000)
  region size 1024K, 25 young (25600K), 3 survivors (3072K)
 Metaspace       used 60456K, committed 60736K, reserved 1114112K
  class space    used 6924K, committed 7040K, reserved 1048576K
}
Event: 15.264 GC heap after
{Heap after GC invocations=26 (full 0):
 garbage-first heap   total 86016K, used 45339K [0x0000000082e00000, 0x0000000100000000)
  region size 1024K, 2 young (2048K), 2 survivors (2048K)
 Metaspace       used 60456K, committed 60736K, reserved 1114112K
  class space    used 6924K, committed 7040K, reserved 1048576K
}

